Arguments: 
  /usr/local/bin/node /usr/local/bin/yarn add react

PATH: 
  /usr/local/bin:/usr/bin:/bin:/usr/sbin:/sbin:/Volumes/Mac2/CHUKUI/LIBS/mongodb-osx-x86_64-3.4.9/bin:/Volumes/Mac2/CHUKUI/LIBS/mongodb-osx-x86_64-3.4.9/bin

Yarn version: 
  1.1.0

Node version: 
  8.6.0

Platform: 
  darwin x64

npm manifest: 
  {
    "name": "sso",
    "version": "1.0.0",
    "description": "",
    "main": "index.js",
    "scripts": {
      "test": "echo \"Error: no test specified\" && exit 1"
    },
    "author": "",
    "license": "ISC",
    "dependencies": {
      "bcrypt": "^1.0.3",
      "body-parser": "^1.18.2",
      "connect-mongo": "^2.0.0",
      "cookie-parser": "^1.4.3",
      "express": "^4.16.2",
      "express-session": "^1.15.6",
      "jsonwebtoken": "^8.1.0",
      "mongoose": "^4.12.1",
      "mysql": "^2.15.0"
    }
  }

yarn manifest: 
  No manifest

Lockfile: 
  No lockfile

Trace: 
  Error: https://registry.yarnpkg.com/bcrypt: tunneling socket could not be established, cause=Parse Error
      at ClientRequest.onError (/usr/local/lib/node_modules/yarn/lib/cli.js:136167:17)
      at Object.onceWrapper (events.js:316:30)
      at emitOne (events.js:115:13)
      at ClientRequest.emit (events.js:210:7)
      at Socket.socketOnData (_http_client.js:459:9)
      at emitOne (events.js:115:13)
      at Socket.emit (events.js:210:7)
      at addChunk (_stream_readable.js:266:12)
      at readableAddChunk (_stream_readable.js:253:11)
      at Socket.Readable.push (_stream_readable.js:211:10)
